[WARN] [2018-04-19 09:53:03][net.sf.json.JSONObject]Tried to assign property fileNamef:java.lang.String to bean of class com.emg.update.dto.FileModel
  [WARN] [2018-04-19 09:53:03][net.sf.json.JSONObject]Tried to assign property updatetime:java.lang.String to bean of class com.emg.update.dto.FileModel
  [WARN] [2018-04-19 09:53:03][net.sf.json.JSONObject]Tried to assign property filesize:java.lang.String to bean of class com.emg.update.dto.FileModel
  [WARN] [2018-04-19 09:53:52][net.sf.json.JSONObject]Tried to assign property updatetime:java.lang.String to bean of class com.emg.update.dto.FileModel
  [WARN] [2018-04-19 09:53:52][net.sf.json.JSONObject]Tried to assign property filesize:java.lang.String to bean of class com.emg.update.dto.FileModel
  [WARN] [2018-04-19 09:57:14][net.sf.json.JSONObject]Tried to assign property filename:java.lang.String to bean of class com.emg.update.dto.FileModel
  [WARN] [2018-04-19 09:57:14][net.sf.json.JSONObject]Tried to assign property updatetime:java.lang.String to bean of class com.emg.update.dto.FileModel
  [WARN] [2018-04-19 09:57:14][net.sf.json.JSONObject]Tried to assign property filesize:java.lang.String to bean of class com.emg.update.dto.FileModel
  [INFO] [2018-04-19 14:31:25][net.sf.json.JSONObject]Property 'length' of class org.apache.http.util.CharArrayBuffer has no read method. SKIPPED
  [INFO] [2018-04-19 14:31:26][net.sf.json.JSONObject]Property 'parameter' of class org.apache.http.message.BasicHeaderElement has no read method. SKIPPED
  [INFO] [2018-04-19 15:37:32][net.sf.json.JSONObject]Property 'updatetime' of class com.emg.update.dto.FileModel has no write method. SKIPPED.
  [INFO] [2018-04-19 15:37:54][net.sf.json.JSONObject]Property 'updatetime' of class com.emg.update.dto.FileModel has no write method. SKIPPED.
  [INFO] [2018-04-19 15:38:36][net.sf.json.JSONObject]Property 'updatetime' of class com.emg.update.dto.FileModel has no write method. SKIPPED.
  [INFO] [2018-04-19 15:38:37][net.sf.json.JSONObject]Property 'updatetime' of class com.emg.update.dto.FileModel has no write method. SKIPPED.
  [INFO] [2018-04-19 15:38:38][net.sf.json.JSONObject]Property 'updatetime' of class com.emg.update.dto.FileModel has no write method. SKIPPED.
  [INFO] [2018-04-19 15:38:41][net.sf.json.JSONObject]Property 'updatetime' of class com.emg.update.dto.FileModel has no write method. SKIPPED.
  [INFO] [2018-04-19 15:38:41][net.sf.json.JSONObject]Property 'updatetime' of class com.emg.update.dto.FileModel has no write method. SKIPPED.
  [INFO] [2018-04-19 15:38:41][net.sf.json.JSONObject]Property 'updatetime' of class com.emg.update.dto.FileModel has no write method. SKIPPED.
  [INFO] [2018-04-19 15:38:41][net.sf.json.JSONObject]Property 'updatetime' of class com.emg.update.dto.FileModel has no write method. SKIPPED.
  [INFO] [2018-04-19 15:38:41][net.sf.json.JSONObject]Property 'updatetime' of class com.emg.update.dto.FileModel has no write method. SKIPPED.
  [INFO] [2018-04-19 15:38:41][net.sf.json.JSONObject]Property 'updatetime' of class com.emg.update.dto.FileModel has no write method. SKIPPED.
  [INFO] [2018-04-19 15:39:25][net.sf.json.JSONObject]Property 'updatetime' of class com.emg.update.dto.FileModel has no write method. SKIPPED.
  [INFO] [2018-04-19 15:40:11][net.sf.json.JSONObject]Property 'updatetime' of class com.emg.update.dto.FileModel has no write method. SKIPPED.
  [INFO] [2018-04-19 15:40:15][net.sf.json.JSONObject]Property 'updatetime' of class com.emg.update.dto.FileModel has no write method. SKIPPED.
  [INFO] [2018-04-19 15:40:16][net.sf.json.JSONObject]Property 'updatetime' of class com.emg.update.dto.FileModel has no write method. SKIPPED.
  [INFO] [2018-04-19 15:40:16][net.sf.json.JSONObject]Property 'updatetime' of class com.emg.update.dto.FileModel has no write method. SKIPPED.
  [INFO] [2018-04-19 15:40:17][net.sf.json.JSONObject]Property 'updatetime' of class com.emg.update.dto.FileModel has no write method. SKIPPED.
  [INFO] [2018-04-19 15:40:17][net.sf.json.JSONObject]Property 'updatetime' of class com.emg.update.dto.FileModel has no write method. SKIPPED.
  [INFO] [2018-04-19 15:40:17][net.sf.json.JSONObject]Property 'updatetime' of class com.emg.update.dto.FileModel has no write method. SKIPPED.
  [INFO] [2018-04-19 15:40:19][net.sf.json.JSONObject]Property 'updatetime' of class com.emg.update.dto.FileModel has no write method. SKIPPED.
  [INFO] [2018-04-19 15:40:19][net.sf.json.JSONObject]Property 'updatetime' of class com.emg.update.dto.FileModel has no write method. SKIPPED.
  [INFO] [2018-04-19 15:40:19][net.sf.json.JSONObject]Property 'updatetime' of class com.emg.update.dto.FileModel has no write method. SKIPPED.
  [INFO] [2018-04-19 15:40:54][net.sf.json.JSONObject]Property 'updatetime' of class com.emg.update.dto.FileModel has no write method. SKIPPED.
  [INFO] [2018-04-19 15:56:34][net.sf.json.JSONObject]Property 'updatetime' of class com.emg.update.dto.FileModel has no write method. SKIPPED.
  [INFO] [2018-04-19 15:59:41][net.sf.json.JSONObject]Property 'updatetime' of class com.emg.update.dto.FileModel has no write method. SKIPPED.
  [INFO] [2018-04-19 16:00:20][net.sf.json.JSONObject]Property 'updatetime' of class com.emg.update.dto.FileModel has no write method. SKIPPED.
  [INFO] [2018-04-19 16:00:56][net.sf.json.JSONObject]Property 'updatetime' of class com.emg.update.dto.FileModel has no write method. SKIPPED.
  [INFO] [2018-04-19 16:02:43][net.sf.json.JSONObject]Property 'updatetime' of class com.emg.update.dto.FileModel has no write method. SKIPPED.
  [INFO] [2018-04-19 16:04:21][net.sf.json.JSONObject]Property 'updatetime' of class com.emg.update.dto.FileModel has no write method. SKIPPED.
  [INFO] [2018-04-19 16:05:06][net.sf.json.JSONObject]Property 'updatetime' of class com.emg.update.dto.FileModel has no write method. SKIPPED.
  [INFO] [2018-04-19 16:05:16][net.sf.json.JSONObject]Property 'updatetime' of class com.emg.update.dto.FileModel has no write method. SKIPPED.
  [INFO] [2018-04-19 16:05:47][net.sf.json.JSONObject]Property 'updatetime' of class com.emg.update.dto.FileModel has no write method. SKIPPED.
  [INFO] [2018-04-19 16:05:54][net.sf.json.JSONObject]Property 'updatetime' of class com.emg.update.dto.FileModel has no write method. SKIPPED.
  [INFO] [2018-04-19 16:06:03][net.sf.json.JSONObject]Property 'updatetime' of class com.emg.update.dto.FileModel has no write method. SKIPPED.
  [INFO] [2018-04-19 16:37:05][net.sf.json.JSONObject]Property 'updatetime' of class com.emg.update.dto.FileModel has no write method. SKIPPED.
  [INFO] [2018-04-19 16:41:13][net.sf.json.JSONObject]Property 'updatetime' of class com.emg.update.dto.FileModel has no write method. SKIPPED.
  [INFO] [2018-04-19 16:43:31][net.sf.json.JSONObject]Property 'updatetime' of class com.emg.update.dto.FileModel has no write method. SKIPPED.
  [INFO] [2018-04-19 16:43:56][net.sf.json.JSONObject]Property 'updatetime' of class com.emg.update.dto.FileModel has no write method. SKIPPED.
  